<?xml version="1.0" encoding="UTF-8"?>
<!-- Generated by org.testng.reporters.JUnitXMLReporter -->
<testsuite ignored="1" hostname="LAPTOP-M5JDSRI6" failures="0" tests="2" name="Test" time="48.35" errors="0" timestamp="2025-12-01T15:02:30 IST">
  <testcase classname="testCase.TC001_AccountRegistration" name="verify_account_registration" time="25.986"/>
  <testcase classname="testCase.TC002_LoginTest" name="verify_login" time="1.519"/>
  <testcase classname="testCase.TC003_LoginDDTest" name="verify_loginDDT" time="0.0">
    <ignored/>
  </testcase> <!-- verify_loginDDT -->
</testsuite> <!-- Test -->
