<?xml version="1.0" encoding="UTF-8"?>
<!-- Generated by org.testng.reporters.JUnitXMLReporter -->
<testsuite ignored="0" hostname="LAPTOP-M5JDSRI6" failures="3" tests="3" name="Test" time="54.552" errors="0" timestamp="2025-11-27T19:31:01 IST">
  <testcase classname="testCase.TC001_AccountRegistration" name="verify_account_registration" time="11.054">
    <failure type="java.lang.AssertionError" message="null">
      <![CDATA[java.lang.AssertionError: null
at testCase.TC001_AccountRegistration.verify_account_registration(TC001_AccountRegistration.java:63)
at java.base/java.util.ArrayList.forEach(ArrayList.java:1511)
... Removed 29 stack frames]]>
    </failure>
  </testcase> <!-- verify_account_registration -->
  <testcase classname="testCase.TC002_LoginTest" name="verify_login" time="0.947">
    <failure type="java.lang.AssertionError" message="null">
      <![CDATA[java.lang.AssertionError: null
at testCase.TC002_LoginTest.verify_login(TC002_LoginTest.java:42)
at java.base/java.util.ArrayList.forEach(ArrayList.java:1511)
... Removed 29 stack frames]]>
    </failure>
  </testcase> <!-- verify_login -->
  <testcase classname="testCase.TC003_LoginDDTest" name="verify_loginDDT" time="0.0">
    <failure type="java.lang.RuntimeException" message="java.io.FileNotFoundException: .\testData\Opencart_LoginData.xlsx (The system cannot find the file specified)">
      <![CDATA[java.lang.RuntimeException: java.io.FileNotFoundException: .\testData\Opencart_LoginData.xlsx (The system cannot find the file specified)
at java.base/java.util.ArrayList.forEach(ArrayList.java:1511)
Caused by: java.io.FileNotFoundException: .\testData\Opencart_LoginData.xlsx (The system cannot find the file specified)
at java.base/java.io.FileInputStream.open0(Native Method)
at java.base/java.io.FileInputStream.open(FileInputStream.java:216)
at java.base/java.io.FileInputStream.<init>(FileInputStream.java:157)
at java.base/java.io.FileInputStream.<init>(FileInputStream.java:111)
at utilities.ExcelUtility.getRowCount(ExcelUtility.java:36)
at utilities.DataProviders.getData(DataProviders.java:18)
... 25 more
... Removed 32 stack frames]]>
    </failure>
  </testcase> <!-- verify_loginDDT -->
</testsuite> <!-- Test -->
